<?xml version="1.0" encoding="UTF-8"?>
<!-- Generated by org.testng.reporters.JUnitXMLReporter -->
<testsuite ignored="0" hostname="DESKTOP-E1H3COG" failures="0" tests="1" name="Test" time="0.268" errors="0" timestamp="08 Oct 2020 12:28:29 GMT">
  <testcase classname="com.project.SmartTicket_GoogleSheet.LoginPage_Automation" name="@BeforeTest setup" time="0.232">
    <failure type="java.lang.IllegalStateException" message="The driver executable does not exist: D:\Selenium_Automation\Smart_ticket\smartticketupgrade\chromedriver.exe">
      <![CDATA[java.lang.IllegalStateException: The driver executable does not exist: D:\Selenium_Automation\Smart_ticket\smartticketupgrade\chromedriver.exe
at com.google.common.base.Preconditions.checkState(Preconditions.java:585)
at org.openqa.selenium.remote.service.DriverService.checkExecutable(DriverService.java:137)
at org.openqa.selenium.remote.service.DriverService.findExecutable(DriverService.java:132)
at org.openqa.selenium.chrome.ChromeDriverService.access$000(ChromeDriverService.java:35)
at org.openqa.selenium.chrome.ChromeDriverService$Builder.findDefaultExecutable(ChromeDriverService.java:156)
at org.openqa.selenium.remote.service.DriverService$Builder.build(DriverService.java:346)
at org.openqa.selenium.chrome.ChromeDriverService.createDefaultService(ChromeDriverService.java:91)
at org.openqa.selenium.chrome.ChromeDriver.<init>(ChromeDriver.java:123)
at com.project.SmartTicket_GoogleSheet.LoginPage_Automation.setup(LoginPage_Automation.java:55)
... Removed 24 stack frames]]>
    </failure>
  </testcase> <!-- @BeforeTest setup -->
  <testcase classname="com.project.SmartTicket_GoogleSheet.LoginPage_Automation" name="@AfterMethod getResult" time="0.0">
    <skipped/>
  </testcase> <!-- @AfterMethod getResult -->
  <testcase classname="com.project.SmartTicket_GoogleSheet.LoginPage_Automation" name="@AfterClass tearDown" time="0.0">
    <skipped/>
  </testcase> <!-- @AfterClass tearDown -->
  <testcase classname="com.project.SmartTicket_GoogleSheet.LoginPage_Automation" name="@AfterTest testend" time="0.0">
    <skipped/>
  </testcase> <!-- @AfterTest testend -->
  <testcase classname="com.project.SmartTicket_GoogleSheet.LoginPage_Automation" name="login" time="0.0">
    <skipped/>
  </testcase> <!-- login -->
</testsuite> <!-- Test -->
